2026-02-20 20:08:58,546 - root - INFO - File System Watcher started
2026-02-20 20:09:31,806 - FileSystemWatcher - INFO - New file detected: test_file.txt.tmp.7840.1771600171804
2026-02-20 20:10:15,765 - root - INFO - File System Watcher started
2026-02-20 20:11:14,211 - root - INFO - File System Watcher started
2026-02-20 20:12:01,895 - FileSystemWatcher - INFO - New file detected: test_file_2.txt.tmp.7840.1771600321893
2026-02-20 20:13:30,138 - root - INFO - File System Watcher started
2026-02-20 20:14:17,118 - FileSystemWatcher - INFO - New file detected: test_file_3.txt.tmp.7840.1771600456606
2026-02-20 20:19:26,698 - root - INFO - File System Watcher started
2026-02-20 20:19:58,051 - FileSystemWatcher - INFO - New file detected: client.txt
2026-02-20 20:19:58,150 - FileSystemWatcher - INFO - Created action file: FILE_client.txt.md
2026-02-20 21:37:13,731 - FileSystemWatcher - INFO - New file detected: app.txt
2026-02-20 21:37:13,823 - FileSystemWatcher - INFO - Created action file: FILE_app.txt.md
2026-02-20 22:22:22,775 - root - INFO - File System Watcher started
2026-02-20 22:22:43,235 - FileSystemWatcher - INFO - New file detected: client.txt
2026-02-20 22:22:43,290 - FileSystemWatcher - INFO - Created action file: FILE_client.txt.md
2026-02-20 22:23:58,544 - root - INFO - File System Watcher started
2026-02-20 22:24:09,262 - FileSystemWatcher - INFO - New file detected: hello.txt
2026-02-20 22:24:09,346 - FileSystemWatcher - INFO - Created action file: FILE_hello.txt.md
2026-02-20 22:31:58,513 - FileSystemWatcher - INFO - New file detected: main.txt
2026-02-20 22:31:58,542 - FileSystemWatcher - INFO - Created action file: FILE_main.txt.md
2026-02-20 22:33:31,681 - root - INFO - File System Watcher started
2026-02-20 22:33:39,214 - FileSystemWatcher - INFO - New file detected: hello.txt
2026-02-20 22:33:39,251 - FileSystemWatcher - INFO - Created action file: FILE_hello.txt.md
